<?xml version="1.0" encoding="UTF-8"?>
<testsuite name="Test di UserRestController" tests="9" skipped="0" failures="0" errors="0" timestamp="2025-07-05T16:03:29" hostname="Mac.homenet.telecomitalia.it" time="0.152">
  <properties/>
  <testcase name="Dovrebbe restituire 404 se l'utente non viene trovato per impostare come amministratore" classname="it.unisalento.pas2425.userserviceproject.restcontrollers.UserRestControllerTest" time="0.06"/>
  <testcase name="Dovrebbe autenticare l'utente e restituire il token JWT" classname="it.unisalento.pas2425.userserviceproject.restcontrollers.UserRestControllerTest" time="0.037"/>
  <testcase name="Dovrebbe impostare l'utente come amministratore" classname="it.unisalento.pas2425.userserviceproject.restcontrollers.UserRestControllerTest" time="0.007"/>
  <testcase name="Dovrebbe restituire tutti gli utenti" classname="it.unisalento.pas2425.userserviceproject.restcontrollers.UserRestControllerTest" time="0.009"/>
  <testcase name="Dovrebbe restituire 404 se l'utente non viene trovato per impostare il veicolo" classname="it.unisalento.pas2425.userserviceproject.restcontrollers.UserRestControllerTest" time="0.007"/>
  <testcase name="Dovrebbe impostare il veicolo per l'utente" classname="it.unisalento.pas2425.userserviceproject.restcontrollers.UserRestControllerTest" time="0.005"/>
  <testcase name="Dovrebbe restituire 401 per credenziali di autenticazione errate" classname="it.unisalento.pas2425.userserviceproject.restcontrollers.UserRestControllerTest" time="0.008"/>
  <testcase name="Dovrebbe restituire 404 se l'utente non viene trovato per ID" classname="it.unisalento.pas2425.userserviceproject.restcontrollers.UserRestControllerTest" time="0.005"/>
  <testcase name="Dovrebbe trovare l'utente per ID" classname="it.unisalento.pas2425.userserviceproject.restcontrollers.UserRestControllerTest" time="0.005"/>
  <system-out><![CDATA[18:03:26.603 [Test worker] INFO org.springframework.test.context.support.AnnotationConfigContextLoaderUtils -- Could not detect default configuration classes for test class [it.unisalento.pas2425.userserviceproject.restcontrollers.UserRestControllerTest]: UserRestControllerTest does not declare any static, non-private, non-final, nested classes annotated with @Configuration.
18:03:26.653 [Test worker] INFO org.springframework.boot.test.context.SpringBootTestContextBootstrapper -- Found @SpringBootConfiguration it.unisalento.pas2425.userserviceproject.UserServiceProjectApplication for test class it.unisalento.pas2425.userserviceproject.restcontrollers.UserRestControllerTest

  .   ____          _            __ _ _
 /\\ / ___'_ __ _ _(_)_ __  __ _ \ \ \ \
( ( )\___ | '_ | '_| | '_ \/ _` | \ \ \ \
 \\/  ___)| |_)| | | | | || (_| |  ) ) ) )
  '  |____| .__|_| |_|_| |_\__, | / / / /
 =========|_|==============|___/=/_/_/_/

 :: Spring Boot ::                (v3.3.5)

2025-07-05T18:03:26.820+02:00  INFO 92328 --- [UserServiceProject] [    Test worker] i.u.p.u.r.UserRestControllerTest         : Starting UserRestControllerTest using Java 22.0.1 with PID 92328 (started by frabincesco in /Users/frabincesco/Desktop/PAS/Backend/userserviceproject)
2025-07-05T18:03:26.821+02:00  INFO 92328 --- [UserServiceProject] [    Test worker] i.u.p.u.r.UserRestControllerTest         : No active profile set, falling back to 1 default profile: "default"
2025-07-05T18:03:27.076+02:00  INFO 92328 --- [UserServiceProject] [    Test worker] .s.d.r.c.RepositoryConfigurationDelegate : Multiple Spring Data modules found, entering strict repository configuration mode
2025-07-05T18:03:27.077+02:00  INFO 92328 --- [UserServiceProject] [    Test worker] .s.d.r.c.RepositoryConfigurationDelegate : Bootstrapping Spring Data JPA repositories in DEFAULT mode.
2025-07-05T18:03:27.090+02:00  INFO 92328 --- [UserServiceProject] [    Test worker] .RepositoryConfigurationExtensionSupport : Spring Data JPA - Could not safely identify store assignment for repository candidate interface it.unisalento.pas2425.userserviceproject.repositories.UserRepository; If you want this repository to be a JPA repository, consider annotating your entities with one of these annotations: jakarta.persistence.Entity, jakarta.persistence.MappedSuperclass (preferred), or consider extending one of the following types with your repository: org.springframework.data.jpa.repository.JpaRepository
2025-07-05T18:03:27.091+02:00  INFO 92328 --- [UserServiceProject] [    Test worker] .s.d.r.c.RepositoryConfigurationDelegate : Finished Spring Data repository scanning in 10 ms. Found 0 JPA repository interfaces.
2025-07-05T18:03:27.103+02:00  INFO 92328 --- [UserServiceProject] [    Test worker] .s.d.r.c.RepositoryConfigurationDelegate : Multiple Spring Data modules found, entering strict repository configuration mode
2025-07-05T18:03:27.104+02:00  INFO 92328 --- [UserServiceProject] [    Test worker] .s.d.r.c.RepositoryConfigurationDelegate : Bootstrapping Spring Data MongoDB repositories in DEFAULT mode.
2025-07-05T18:03:27.145+02:00  INFO 92328 --- [UserServiceProject] [    Test worker] .s.d.r.c.RepositoryConfigurationDelegate : Finished Spring Data repository scanning in 41 ms. Found 1 MongoDB repository interface.
2025-07-05T18:03:27.965+02:00  INFO 92328 --- [UserServiceProject] [    Test worker] com.zaxxer.hikari.HikariDataSource       : HikariPool-1 - Starting...
2025-07-05T18:03:28.100+02:00  INFO 92328 --- [UserServiceProject] [    Test worker] com.zaxxer.hikari.pool.PoolBase          : HikariPool-1 - Driver does not support get/set network timeout for connections. (feature not supported)
2025-07-05T18:03:28.101+02:00  INFO 92328 --- [UserServiceProject] [    Test worker] com.zaxxer.hikari.pool.HikariPool        : HikariPool-1 - Added connection org.hsqldb.jdbc.JDBCConnection@35cf91df
2025-07-05T18:03:28.101+02:00  INFO 92328 --- [UserServiceProject] [    Test worker] com.zaxxer.hikari.HikariDataSource       : HikariPool-1 - Start completed.
2025-07-05T18:03:28.122+02:00  INFO 92328 --- [UserServiceProject] [    Test worker] o.hibernate.jpa.internal.util.LogHelper  : HHH000204: Processing PersistenceUnitInfo [name: default]
2025-07-05T18:03:28.147+02:00  INFO 92328 --- [UserServiceProject] [    Test worker] org.hibernate.Version                    : HHH000412: Hibernate ORM core version 6.5.3.Final
2025-07-05T18:03:28.161+02:00  INFO 92328 --- [UserServiceProject] [    Test worker] o.h.c.internal.RegionFactoryInitiator    : HHH000026: Second-level cache disabled
2025-07-05T18:03:28.210+02:00  INFO 92328 --- [UserServiceProject] [    Test worker] o.s.o.j.p.SpringPersistenceUnitInfo      : No LoadTimeWeaver setup: ignoring JPA class transformer
2025-07-05T18:03:28.358+02:00  INFO 92328 --- [UserServiceProject] [    Test worker] o.h.e.t.j.p.i.JtaPlatformInitiator       : HHH000489: No JTA platform available (set 'hibernate.transaction.jta.platform' to enable JTA platform integration)
2025-07-05T18:03:28.360+02:00  INFO 92328 --- [UserServiceProject] [    Test worker] j.LocalContainerEntityManagerFactoryBean : Initialized JPA EntityManagerFactory for persistence unit 'default'
2025-07-05T18:03:28.417+02:00  WARN 92328 --- [UserServiceProject] [    Test worker] JpaBaseConfiguration$JpaWebConfiguration : spring.jpa.open-in-view is enabled by default. Therefore, database queries may be performed during view rendering. Explicitly configure spring.jpa.open-in-view to disable this warning
2025-07-05T18:03:28.450+02:00  INFO 92328 --- [UserServiceProject] [    Test worker] eAuthenticationProviderManagerConfigurer : Global AuthenticationManager configured with AuthenticationProvider bean with name authProvider
2025-07-05T18:03:28.450+02:00  WARN 92328 --- [UserServiceProject] [    Test worker] r$InitializeUserDetailsManagerConfigurer : Global AuthenticationManager configured with an AuthenticationProvider bean. UserDetailsService beans will not be used for username/password login. Consider removing the AuthenticationProvider bean. Alternatively, consider using the UserDetailsService in a manually instantiated DaoAuthenticationProvider.
2025-07-05T18:03:28.484+02:00  INFO 92328 --- [UserServiceProject] [    Test worker] o.s.b.a.w.s.WelcomePageHandlerMapping    : Adding welcome page: class path resource [static/index.html]
2025-07-05T18:03:28.603+02:00 DEBUG 92328 --- [UserServiceProject] [    Test worker] o.s.s.web.DefaultSecurityFilterChain     : Will secure any request with filters: DisableEncodeUrlFilter, WebAsyncManagerIntegrationFilter, SecurityContextHolderFilter, HeaderWriterFilter, CorsFilter, LogoutFilter, JwtAuthenticationFilter, RequestCacheAwareFilter, SecurityContextHolderAwareRequestFilter, AnonymousAuthenticationFilter, SessionManagementFilter, ExceptionTranslationFilter, AuthorizationFilter
2025-07-05T18:03:28.866+02:00  INFO 92328 --- [UserServiceProject] [    Test worker] org.mongodb.driver.client                : MongoClient with metadata {"driver": {"name": "mongo-java-driver|sync|spring-boot", "version": "5.0.1"}, "os": {"type": "Darwin", "name": "Mac OS X", "architecture": "aarch64", "version": "15.3.1"}, "platform": "Java/Oracle Corporation/22.0.1+8-16"} created with settings MongoClientSettings{readPreference=primary, writeConcern=WriteConcern{w=null, wTimeout=null ms, journal=null}, retryWrites=true, retryReads=true, readConcern=ReadConcern{level=null}, credential=null, transportSettings=null, commandListeners=[], codecRegistry=ProvidersCodecRegistry{codecProviders=[ValueCodecProvider{}, BsonValueCodecProvider{}, DBRefCodecProvider{}, DBObjectCodecProvider{}, DocumentCodecProvider{}, CollectionCodecProvider{}, IterableCodecProvider{}, MapCodecProvider{}, GeoJsonCodecProvider{}, GridFSFileCodecProvider{}, Jsr310CodecProvider{}, JsonObjectCodecProvider{}, BsonCodecProvider{}, EnumCodecProvider{}, com.mongodb.client.model.mql.ExpressionCodecProvider@16575bfe, com.mongodb.Jep395RecordCodecProvider@60003305, com.mongodb.KotlinCodecProvider@3f1dadeb]}, loggerSettings=LoggerSettings{maxDocumentLength=1000}, clusterSettings={hosts=[my-db:27017], srvServiceName=mongodb, mode=SINGLE, requiredClusterType=UNKNOWN, requiredReplicaSetName='null', serverSelector='null', clusterListeners='[]', serverSelectionTimeout='30000 ms', localThreshold='15 ms'}, socketSettings=SocketSettings{connectTimeoutMS=10000, readTimeoutMS=0, receiveBufferSize=0, proxySettings=ProxySettings{host=null, port=null, username=null, password=null}}, heartbeatSocketSettings=SocketSettings{connectTimeoutMS=10000, readTimeoutMS=10000, receiveBufferSize=0, proxySettings=ProxySettings{host=null, port=null, username=null, password=null}}, connectionPoolSettings=ConnectionPoolSettings{maxSize=100, minSize=0, maxWaitTimeMS=120000, maxConnectionLifeTimeMS=0, maxConnectionIdleTimeMS=0, maintenanceInitialDelayMS=0, maintenanceFrequencyMS=60000, connectionPoolListeners=[], maxConnecting=2}, serverSettings=ServerSettings{heartbeatFrequencyMS=10000, minHeartbeatFrequencyMS=500, serverListeners='[]', serverMonitorListeners='[]'}, sslSettings=SslSettings{enabled=false, invalidHostNameAllowed=false, context=null}, applicationName='null', compressorList=[], uuidRepresentation=JAVA_LEGACY, serverApi=null, autoEncryptionSettings=null, dnsClient=null, inetAddressResolver=null, contextProvider=null}
2025-07-05T18:03:28.878+02:00  INFO 92328 --- [UserServiceProject] [l'}-my-db:27017] org.mongodb.driver.cluster               : Monitor thread successfully connected to server with description ServerDescription{address=my-db:27017, type=STANDALONE, state=CONNECTED, ok=true, minWireVersion=0, maxWireVersion=25, maxDocumentSize=16777216, logicalSessionTimeoutMinutes=30, roundTripTimeNanos=8281333}
2025-07-05T18:03:29.008+02:00 DEBUG 92328 --- [UserServiceProject] [    Test worker] i.u.p.u.s.JwtAuthenticationFilter        : Filter 'jwtAuthenticationFilter' configured for use
2025-07-05T18:03:29.008+02:00  INFO 92328 --- [UserServiceProject] [    Test worker] o.s.b.t.m.w.SpringBootMockServletContext : Initializing Spring TestDispatcherServlet ''
2025-07-05T18:03:29.008+02:00  INFO 92328 --- [UserServiceProject] [    Test worker] o.s.t.web.servlet.TestDispatcherServlet  : Initializing Servlet ''
2025-07-05T18:03:29.009+02:00  INFO 92328 --- [UserServiceProject] [    Test worker] o.s.t.web.servlet.TestDispatcherServlet  : Completed initialization in 1 ms
2025-07-05T18:03:29.060+02:00  INFO 92328 --- [UserServiceProject] [    Test worker] i.u.p.u.r.UserRestControllerTest         : Started UserRestControllerTest in 2.354 seconds (process running for 2.82)
2025-07-05T18:03:29.085+02:00 DEBUG 92328 --- [UserServiceProject] [    Test worker] o.s.security.web.FilterChainProxy        : Securing POST /api/users/setAsAdmin
2025-07-05T18:03:29.088+02:00 DEBUG 92328 --- [UserServiceProject] [    Test worker] o.s.security.web.FilterChainProxy        : Secured POST /api/users/setAsAdmin
2025-07-05T18:03:29.142+02:00 DEBUG 92328 --- [UserServiceProject] [    Test worker] o.s.security.web.FilterChainProxy        : Securing POST /api/users/authenticate
2025-07-05T18:03:29.142+02:00 DEBUG 92328 --- [UserServiceProject] [    Test worker] o.s.s.w.a.AnonymousAuthenticationFilter  : Set SecurityContextHolder to anonymous SecurityContext
2025-07-05T18:03:29.142+02:00 DEBUG 92328 --- [UserServiceProject] [    Test worker] o.s.security.web.FilterChainProxy        : Secured POST /api/users/authenticate
CLIENT
2025-07-05T18:03:29.170+02:00 DEBUG 92328 --- [UserServiceProject] [    Test worker] o.s.security.web.FilterChainProxy        : Securing POST /api/users/setAsAdmin
2025-07-05T18:03:29.170+02:00 DEBUG 92328 --- [UserServiceProject] [    Test worker] o.s.security.web.FilterChainProxy        : Secured POST /api/users/setAsAdmin
2025-07-05T18:03:29.177+02:00 DEBUG 92328 --- [UserServiceProject] [    Test worker] o.s.security.web.FilterChainProxy        : Securing GET /api/users/
2025-07-05T18:03:29.177+02:00 DEBUG 92328 --- [UserServiceProject] [    Test worker] o.s.security.web.FilterChainProxy        : Secured GET /api/users/
Sono nel metodo initialize di CreditCard
2025-07-05T18:03:29.187+02:00 DEBUG 92328 --- [UserServiceProject] [    Test worker] o.s.security.web.FilterChainProxy        : Securing PATCH /api/users/setVehicle/nonExistentId
2025-07-05T18:03:29.187+02:00 DEBUG 92328 --- [UserServiceProject] [    Test worker] o.s.security.web.FilterChainProxy        : Secured PATCH /api/users/setVehicle/nonExistentId
2025-07-05T18:03:29.195+02:00 DEBUG 92328 --- [UserServiceProject] [    Test worker] o.s.security.web.FilterChainProxy        : Securing PATCH /api/users/setVehicle/user123
2025-07-05T18:03:29.195+02:00 DEBUG 92328 --- [UserServiceProject] [    Test worker] o.s.security.web.FilterChainProxy        : Secured PATCH /api/users/setVehicle/user123
2025-07-05T18:03:29.202+02:00 DEBUG 92328 --- [UserServiceProject] [    Test worker] o.s.security.web.FilterChainProxy        : Securing POST /api/users/authenticate
2025-07-05T18:03:29.202+02:00 DEBUG 92328 --- [UserServiceProject] [    Test worker] o.s.s.w.a.AnonymousAuthenticationFilter  : Set SecurityContextHolder to anonymous SecurityContext
2025-07-05T18:03:29.202+02:00 DEBUG 92328 --- [UserServiceProject] [    Test worker] o.s.security.web.FilterChainProxy        : Secured POST /api/users/authenticate
2025-07-05T18:03:29.204+02:00 DEBUG 92328 --- [UserServiceProject] [    Test worker] o.s.s.w.a.Http403ForbiddenEntryPoint     : Pre-authenticated entry point called. Rejecting access
2025-07-05T18:03:29.210+02:00 DEBUG 92328 --- [UserServiceProject] [    Test worker] o.s.security.web.FilterChainProxy        : Securing GET /api/users/nonExistentId
2025-07-05T18:03:29.210+02:00 DEBUG 92328 --- [UserServiceProject] [    Test worker] o.s.security.web.FilterChainProxy        : Secured GET /api/users/nonExistentId
2025-07-05T18:03:29.216+02:00 DEBUG 92328 --- [UserServiceProject] [    Test worker] o.s.security.web.FilterChainProxy        : Securing GET /api/users/user123
2025-07-05T18:03:29.217+02:00 DEBUG 92328 --- [UserServiceProject] [    Test worker] o.s.security.web.FilterChainProxy        : Secured GET /api/users/user123
]]></system-out>
  <system-err><![CDATA[WARNING: A Java agent has been loaded dynamically (/Users/frabincesco/.gradle/caches/modules-2/files-2.1/net.bytebuddy/byte-buddy-agent/1.14.19/154da3a65b4f4a909d3e5bdec55d1b2b4cbb6ce1/byte-buddy-agent-1.14.19.jar)
WARNING: If a serviceability tool is in use, please run with -XX:+EnableDynamicAgentLoading to hide this warning
WARNING: If a serviceability tool is not in use, please run with -Djdk.instrument.traceUsage for more information
WARNING: Dynamic loading of agents will be disallowed by default in a future release
]]></system-err>
</testsuite>
